Build started 15-08-2011 19:51:21.
     1>Project "D:\Documents\2. Quarter\Project_B\ProjectB-SVN\Software\PC\HomeSecuritySimpleGUI\HomeSecuritySimpleGUI\HomeSecuritySimpleGUI.vcxproj" on node 2 (rebuild target(s)).
     1>_PrepareForClean:
         Deleting file "Debug\HomeSecuritySimpleGUI.lastbuildstate".
       InitializeBuildStatus:
         Creating "Debug\HomeSecuritySimpleGUI.unsuccessfulbuild" because "AlwaysCreate" was specified.
       GenerateTargetFrameworkMonikerAttribute:
       Skipping target "GenerateTargetFrameworkMonikerAttribute" because all output files are up-to-date with respect to the input files.
       ClCompile:
         C:\Program Files (x86)\Microsoft Visual Studio 10.0\VC\bin\CL.exe /c /AI"C:\Program Files (x86)\Reference Assemblies\Microsoft\Framework\.NETFramework\v4.0" /Zi /clr:pure /nologo /W1 /WX- /Od /Oy- /D WIN32 /D _DEBUG /D _UNICODE /D UNICODE /EHa /MDd /GS /fp:precise /Zc:wchar_t /Zc:forScope /Yc"StdAfx.h" /Fp"Debug\HomeSecuritySimpleGUI.pch" /Fo"Debug\\" /Fd"Debug\vc100.pdb" /TP /FU"C:\Program Files (x86)\Reference Assemblies\Microsoft\Framework\.NETFramework\v4.0\System.Core.dll" /FU"C:\Program Files (x86)\Reference Assemblies\Microsoft\Framework\.NETFramework\v4.0\System.Data.dll" /FU"C:\Program Files (x86)\Reference Assemblies\Microsoft\Framework\.NETFramework\v4.0\System.dll" /FU"C:\Program Files (x86)\Reference Assemblies\Microsoft\Framework\.NETFramework\v4.0\System.Drawing.dll" /FU"C:\Program Files (x86)\Reference Assemblies\Microsoft\Framework\.NETFramework\v4.0\System.Windows.Forms.dll" /FU"C:\Program Files (x86)\Reference Assemblies\Microsoft\Framework\.NETFramework\v4.0\System.Xml.dll" /analyze- /errorReport:prompt stdafx.cpp /clr:nostdlib 
         stdafx.cpp
         C:\Program Files (x86)\Microsoft Visual Studio 10.0\VC\bin\CL.exe /c /AI"C:\Program Files (x86)\Reference Assemblies\Microsoft\Framework\.NETFramework\v4.0" /Zi /clr:pure /nologo /W1 /WX- /Od /Oy- /D WIN32 /D _DEBUG /D _UNICODE /D UNICODE /EHa /MDd /GS /fp:precise /Zc:wchar_t /Zc:forScope /Yu"StdAfx.h" /Fp"Debug\HomeSecuritySimpleGUI.pch" /Fo"Debug\\" /Fd"Debug\vc100.pdb" /TP /FU"C:\Program Files (x86)\Reference Assemblies\Microsoft\Framework\.NETFramework\v4.0\System.Core.dll" /FU"C:\Program Files (x86)\Reference Assemblies\Microsoft\Framework\.NETFramework\v4.0\System.Data.dll" /FU"C:\Program Files (x86)\Reference Assemblies\Microsoft\Framework\.NETFramework\v4.0\System.dll" /FU"C:\Program Files (x86)\Reference Assemblies\Microsoft\Framework\.NETFramework\v4.0\System.Drawing.dll" /FU"C:\Program Files (x86)\Reference Assemblies\Microsoft\Framework\.NETFramework\v4.0\System.Windows.Forms.dll" /FU"C:\Program Files (x86)\Reference Assemblies\Microsoft\Framework\.NETFramework\v4.0\System.Xml.dll" /analyze- /errorReport:prompt AssemblyInfo.cpp Entities\Device.cpp Entities\Event.cpp HomeSecurityConfig.cpp HomeSecuritySimpleGUI.cpp Serial\Serial.cpp XML\XMLFile.cpp /clr:nostdlib 
         AssemblyInfo.cpp
         Device.cpp
         Event.cpp
         HomeSecurityConfig.cpp
         HomeSecuritySimpleGUI.cpp
         Serial.cpp
         XMLFile.cpp
         Generating Code...
         C:\Program Files (x86)\Microsoft Visual Studio 10.0\VC\bin\CL.exe /c /Zi /clr:pure /nologo /W1 /WX- /Od /Oy- /D WIN32 /D _DEBUG /D _UNICODE /D UNICODE /EHa /MDd /GS /fp:precise /Zc:wchar_t /Zc:forScope /Fo"Debug\\" /Fd"Debug\vc100.pdb" /TP /analyze- /errorReport:prompt "C:\Users\Mads von Qualen\AppData\Local\Temp\.NETFramework,Version=v4.0.AssemblyAttributes.cpp"
         .NETFramework,Version=v4.0.AssemblyAttributes.cpp
       CoreResGen:
         "C:\Program Files (x86)\Microsoft SDKs\Windows\v7.0A\bin\NETFX 4.0 Tools\resgen.exe" /useSourcePath /r:"C:\Program Files (x86)\Reference Assemblies\Microsoft\Framework\.NETFramework\v4.0\System.Core.dll" /r:"C:\Program Files (x86)\Reference Assemblies\Microsoft\Framework\.NETFramework\v4.0\System.Data.dll" /r:"C:\Program Files (x86)\Reference Assemblies\Microsoft\Framework\.NETFramework\v4.0\System.dll" /r:"C:\Program Files (x86)\Reference Assemblies\Microsoft\Framework\.NETFramework\v4.0\System.Drawing.dll" /r:"C:\Program Files (x86)\Reference Assemblies\Microsoft\Framework\.NETFramework\v4.0\System.Windows.Forms.dll" /r:"C:\Program Files (x86)\Reference Assemblies\Microsoft\Framework\.NETFramework\v4.0\System.Xml.dll" /compile MainWindow.resX,Debug\HomeSecuritySimpleGUI.MainWindow.resources
         Processing resource file "MainWindow.resX" into "Debug\HomeSecuritySimpleGUI.MainWindow.resources".
       ResourceCompile:
         C:\Program Files (x86)\Microsoft SDKs\Windows\v7.0A\bin\rc.exe /D _UNICODE /D UNICODE /l"0x0409" /nologo /fo"Debug\app.res" app.rc 
       Link:
         C:\Program Files (x86)\Microsoft Visual Studio 10.0\VC\bin\link.exe /ERRORREPORT:PROMPT /OUT:"D:\Documents\2. Quarter\Project_B\ProjectB-SVN\Software\PC\HomeSecuritySimpleGUI\Debug\HomeSecuritySimpleGUI.exe" /INCREMENTAL /NOLOGO kernel32.lib user32.lib gdi32.lib winspool.lib comdlg32.lib advapi32.lib shell32.lib ole32.lib oleaut32.lib uuid.lib odbc32.lib odbccp32.lib kernel32.lib user32.lib gdi32.lib winspool.lib comdlg32.lib advapi32.lib shell32.lib ole32.lib oleaut32.lib uuid.lib odbc32.lib odbccp32.lib /ASSEMBLYRESOURCE:Debug\HomeSecuritySimpleGUI.MainWindow.resources /MANIFEST /ManifestFile:"Debug\HomeSecuritySimpleGUI.exe.intermediate.manifest" /MANIFESTUAC:"level='asInvoker' uiAccess='false'" /DEBUG /PDB:"D:\Documents\2. Quarter\Project_B\ProjectB-SVN\Software\PC\HomeSecuritySimpleGUI\Debug\HomeSecuritySimpleGUI.pdb" /ASSEMBLYDEBUG /SUBSYSTEM:WINDOWS /TLBID:1 /ENTRY:"main" /DYNAMICBASE /FIXED:NO /NXCOMPAT /MACHINE:X86 Debug\app.res
         Debug\AssemblyInfo.obj
         Debug\Device.obj
         Debug\Event.obj
         Debug\HomeSecurityConfig.obj
         Debug\HomeSecuritySimpleGUI.obj
         Debug\Serial.obj
         Debug\stdafx.obj
         Debug\XMLFile.obj
         "Debug\.NETFramework,Version=v4.0.AssemblyAttributes.obj"
         HomeSecuritySimpleGUI.vcxproj -> D:\Documents\2. Quarter\Project_B\ProjectB-SVN\Software\PC\HomeSecuritySimpleGUI\Debug\HomeSecuritySimpleGUI.exe
       Manifest:
         C:\Program Files (x86)\Microsoft SDKs\Windows\v7.0A\bin\mt.exe /nologo /verbose /outputresource:"D:\Documents\2. Quarter\Project_B\ProjectB-SVN\Software\PC\HomeSecuritySimpleGUI\Debug\HomeSecuritySimpleGUI.exe;#1" /manifest Debug\HomeSecuritySimpleGUI.exe.intermediate.manifest
       FinalizeBuildStatus:
         Deleting file "Debug\HomeSecuritySimpleGUI.unsuccessfulbuild".
         Touching "Debug\HomeSecuritySimpleGUI.lastbuildstate".
     1>Done Building Project "D:\Documents\2. Quarter\Project_B\ProjectB-SVN\Software\PC\HomeSecuritySimpleGUI\HomeSecuritySimpleGUI\HomeSecuritySimpleGUI.vcxproj" (rebuild target(s)).

Build succeeded.

Time Elapsed 00:00:04.46
