D:\DOCUMENTS\2. QUARTER\PROJECT_B\PROJECTB-SVN\SOFTWARE\PC\HOMESECURITYGUI\DEBUG\HOMESECURITYGUI.EXE
D:\DOCUMENTS\2. QUARTER\PROJECT_B\PROJECTB-SVN\SOFTWARE\PC\HOMESECURITYGUI\DEBUG\HOMESECURITYGUI.ILK
D:\DOCUMENTS\2. QUARTER\PROJECT_B\PROJECTB-SVN\SOFTWARE\PC\HOMESECURITYGUI\DEBUG\HOMESECURITYGUI.PDB
D:\DOCUMENTS\2. QUARTER\PROJECT_B\PROJECTB-SVN\SOFTWARE\PC\HOMESECURITYGUI\HOMESECURITYGUI\DEBUG\.NETFRAMEWORK,VERSION=V4.0.ASSEMBLYATTRIBUTES.OBJ
D:\DOCUMENTS\2. QUARTER\PROJECT_B\PROJECTB-SVN\SOFTWARE\PC\HOMESECURITYGUI\HOMESECURITYGUI\DEBUG\APP.RES
D:\DOCUMENTS\2. QUARTER\PROJECT_B\PROJECTB-SVN\SOFTWARE\PC\HOMESECURITYGUI\HOMESECURITYGUI\DEBUG\ASSEMBLYINFO.OBJ
D:\Documents\2. Quarter\Project_B\ProjectB-SVN\Software\PC\HomeSecurityGUI\HomeSecurityGUI\Debug\cl.command.1.tlog
D:\Documents\2. Quarter\Project_B\ProjectB-SVN\Software\PC\HomeSecurityGUI\HomeSecurityGUI\Debug\CL.read.1.tlog
D:\Documents\2. Quarter\Project_B\ProjectB-SVN\Software\PC\HomeSecurityGUI\HomeSecurityGUI\Debug\CL.write.1.tlog
D:\DOCUMENTS\2. QUARTER\PROJECT_B\PROJECTB-SVN\SOFTWARE\PC\HOMESECURITYGUI\HOMESECURITYGUI\DEBUG\DEVICE.OBJ
D:\DOCUMENTS\2. QUARTER\PROJECT_B\PROJECTB-SVN\SOFTWARE\PC\HOMESECURITYGUI\HOMESECURITYGUI\DEBUG\EVENT.OBJ
D:\Documents\2. Quarter\Project_B\ProjectB-SVN\Software\PC\HomeSecurityGUI\HomeSecurityGUI\Debug\GenerateResource.read.1.tlog
D:\Documents\2. Quarter\Project_B\ProjectB-SVN\Software\PC\HomeSecurityGUI\HomeSecurityGUI\Debug\GenerateResource.write.1.tlog
D:\DOCUMENTS\2. QUARTER\PROJECT_B\PROJECTB-SVN\SOFTWARE\PC\HOMESECURITYGUI\HOMESECURITYGUI\DEBUG\HOMESECURITY.OBJ
D:\DOCUMENTS\2. QUARTER\PROJECT_B\PROJECTB-SVN\SOFTWARE\PC\HOMESECURITYGUI\HOMESECURITYGUI\DEBUG\HOMESECURITYGUI.EXE.INTERMEDIATE.MANIFEST
D:\DOCUMENTS\2. QUARTER\PROJECT_B\PROJECTB-SVN\SOFTWARE\PC\HOMESECURITYGUI\HOMESECURITYGUI\DEBUG\HOMESECURITYGUI.MAINWINDOW.RESOURCES
D:\DOCUMENTS\2. QUARTER\PROJECT_B\PROJECTB-SVN\SOFTWARE\PC\HOMESECURITYGUI\HOMESECURITYGUI\DEBUG\HOMESECURITYGUI.OBJ
D:\DOCUMENTS\2. QUARTER\PROJECT_B\PROJECTB-SVN\SOFTWARE\PC\HOMESECURITYGUI\HOMESECURITYGUI\DEBUG\HOMESECURITYGUI.PCH
D:\Documents\2. Quarter\Project_B\ProjectB-SVN\Software\PC\HomeSecurityGUI\HomeSecurityGUI\Debug\HomeSecurityGUI.write.1.tlog
D:\Documents\2. Quarter\Project_B\ProjectB-SVN\Software\PC\HomeSecurityGUI\HomeSecurityGUI\Debug\link.4824.read.1.tlog
D:\Documents\2. Quarter\Project_B\ProjectB-SVN\Software\PC\HomeSecurityGUI\HomeSecurityGUI\Debug\link.4824.write.1.tlog
D:\Documents\2. Quarter\Project_B\ProjectB-SVN\Software\PC\HomeSecurityGUI\HomeSecurityGUI\Debug\link.4824-cvtres.read.1.tlog
D:\Documents\2. Quarter\Project_B\ProjectB-SVN\Software\PC\HomeSecurityGUI\HomeSecurityGUI\Debug\link.4824-cvtres.write.1.tlog
D:\Documents\2. Quarter\Project_B\ProjectB-SVN\Software\PC\HomeSecurityGUI\HomeSecurityGUI\Debug\link.command.1.tlog
D:\Documents\2. Quarter\Project_B\ProjectB-SVN\Software\PC\HomeSecurityGUI\HomeSecurityGUI\Debug\link.read.1.tlog
D:\Documents\2. Quarter\Project_B\ProjectB-SVN\Software\PC\HomeSecurityGUI\HomeSecurityGUI\Debug\link.write.1.tlog
D:\Documents\2. Quarter\Project_B\ProjectB-SVN\Software\PC\HomeSecurityGUI\HomeSecurityGUI\Debug\mt.command.1.tlog
D:\Documents\2. Quarter\Project_B\ProjectB-SVN\Software\PC\HomeSecurityGUI\HomeSecurityGUI\Debug\mt.read.1.tlog
D:\Documents\2. Quarter\Project_B\ProjectB-SVN\Software\PC\HomeSecurityGUI\HomeSecurityGUI\Debug\mt.write.1.tlog
D:\Documents\2. Quarter\Project_B\ProjectB-SVN\Software\PC\HomeSecurityGUI\HomeSecurityGUI\Debug\rc.command.1.tlog
D:\Documents\2. Quarter\Project_B\ProjectB-SVN\Software\PC\HomeSecurityGUI\HomeSecurityGUI\Debug\rc.read.1.tlog
D:\Documents\2. Quarter\Project_B\ProjectB-SVN\Software\PC\HomeSecurityGUI\HomeSecurityGUI\Debug\rc.write.1.tlog
D:\DOCUMENTS\2. QUARTER\PROJECT_B\PROJECTB-SVN\SOFTWARE\PC\HOMESECURITYGUI\HOMESECURITYGUI\DEBUG\SERIAL.OBJ
D:\DOCUMENTS\2. QUARTER\PROJECT_B\PROJECTB-SVN\SOFTWARE\PC\HOMESECURITYGUI\HOMESECURITYGUI\DEBUG\STDAFX.OBJ
D:\DOCUMENTS\2. QUARTER\PROJECT_B\PROJECTB-SVN\SOFTWARE\PC\HOMESECURITYGUI\HOMESECURITYGUI\DEBUG\VC100.PDB
D:\DOCUMENTS\2. QUARTER\PROJECT_B\PROJECTB-SVN\SOFTWARE\PC\HOMESECURITYGUI\HOMESECURITYGUI\DEBUG\XMLFILE.OBJ
