D:\DOCUMENTS\2. QUARTER\PROJECT_B\PROJECTB-SVN\SOFTWARE\PC\HOMESECURITYSIMPLEGUI\DEBUG\HOMESECURITYSIMPLEGUI.EXE
D:\DOCUMENTS\2. QUARTER\PROJECT_B\PROJECTB-SVN\SOFTWARE\PC\HOMESECURITYSIMPLEGUI\DEBUG\HOMESECURITYSIMPLEGUI.ILK
D:\DOCUMENTS\2. QUARTER\PROJECT_B\PROJECTB-SVN\SOFTWARE\PC\HOMESECURITYSIMPLEGUI\DEBUG\HOMESECURITYSIMPLEGUI.PDB
D:\DOCUMENTS\2. QUARTER\PROJECT_B\PROJECTB-SVN\SOFTWARE\PC\HOMESECURITYSIMPLEGUI\HOMESECURITYSIMPLEGUI\DEBUG\.NETFRAMEWORK,VERSION=V4.0.ASSEMBLYATTRIBUTES.OBJ
D:\DOCUMENTS\2. QUARTER\PROJECT_B\PROJECTB-SVN\SOFTWARE\PC\HOMESECURITYSIMPLEGUI\HOMESECURITYSIMPLEGUI\DEBUG\APP.RES
D:\DOCUMENTS\2. QUARTER\PROJECT_B\PROJECTB-SVN\SOFTWARE\PC\HOMESECURITYSIMPLEGUI\HOMESECURITYSIMPLEGUI\DEBUG\ASSEMBLYINFO.OBJ
D:\Documents\2. Quarter\Project_B\ProjectB-SVN\Software\PC\HomeSecuritySimpleGUI\HomeSecuritySimpleGUI\Debug\cl.command.1.tlog
D:\Documents\2. Quarter\Project_B\ProjectB-SVN\Software\PC\HomeSecuritySimpleGUI\HomeSecuritySimpleGUI\Debug\CL.read.1.tlog
D:\Documents\2. Quarter\Project_B\ProjectB-SVN\Software\PC\HomeSecuritySimpleGUI\HomeSecuritySimpleGUI\Debug\CL.write.1.tlog
D:\DOCUMENTS\2. QUARTER\PROJECT_B\PROJECTB-SVN\SOFTWARE\PC\HOMESECURITYSIMPLEGUI\HOMESECURITYSIMPLEGUI\DEBUG\DEVICE.OBJ
D:\DOCUMENTS\2. QUARTER\PROJECT_B\PROJECTB-SVN\SOFTWARE\PC\HOMESECURITYSIMPLEGUI\HOMESECURITYSIMPLEGUI\DEBUG\EVENT.OBJ
D:\Documents\2. Quarter\Project_B\ProjectB-SVN\Software\PC\HomeSecuritySimpleGUI\HomeSecuritySimpleGUI\Debug\GenerateResource.read.32.tlog
D:\Documents\2. Quarter\Project_B\ProjectB-SVN\Software\PC\HomeSecuritySimpleGUI\HomeSecuritySimpleGUI\Debug\GenerateResource.write.32.tlog
D:\DOCUMENTS\2. QUARTER\PROJECT_B\PROJECTB-SVN\SOFTWARE\PC\HOMESECURITYSIMPLEGUI\HOMESECURITYSIMPLEGUI\DEBUG\HOMESECURITYCONFIG.OBJ
D:\DOCUMENTS\2. QUARTER\PROJECT_B\PROJECTB-SVN\SOFTWARE\PC\HOMESECURITYSIMPLEGUI\HOMESECURITYSIMPLEGUI\DEBUG\HOMESECURITYSIMPLEGUI.EXE.INTERMEDIATE.MANIFEST
D:\DOCUMENTS\2. QUARTER\PROJECT_B\PROJECTB-SVN\SOFTWARE\PC\HOMESECURITYSIMPLEGUI\HOMESECURITYSIMPLEGUI\DEBUG\HOMESECURITYSIMPLEGUI.MAINWINDOW.RESOURCES
D:\DOCUMENTS\2. QUARTER\PROJECT_B\PROJECTB-SVN\SOFTWARE\PC\HOMESECURITYSIMPLEGUI\HOMESECURITYSIMPLEGUI\DEBUG\HOMESECURITYSIMPLEGUI.OBJ
D:\DOCUMENTS\2. QUARTER\PROJECT_B\PROJECTB-SVN\SOFTWARE\PC\HOMESECURITYSIMPLEGUI\HOMESECURITYSIMPLEGUI\DEBUG\HOMESECURITYSIMPLEGUI.PCH
D:\Documents\2. Quarter\Project_B\ProjectB-SVN\Software\PC\HomeSecuritySimpleGUI\HomeSecuritySimpleGUI\Debug\HomeSecuritySimpleGUI.write.1.tlog
D:\Documents\2. Quarter\Project_B\ProjectB-SVN\Software\PC\HomeSecuritySimpleGUI\HomeSecuritySimpleGUI\Debug\link.3460.read.1.tlog
D:\Documents\2. Quarter\Project_B\ProjectB-SVN\Software\PC\HomeSecuritySimpleGUI\HomeSecuritySimpleGUI\Debug\link.3460.write.1.tlog
D:\Documents\2. Quarter\Project_B\ProjectB-SVN\Software\PC\HomeSecuritySimpleGUI\HomeSecuritySimpleGUI\Debug\link.3460-cvtres.read.1.tlog
D:\Documents\2. Quarter\Project_B\ProjectB-SVN\Software\PC\HomeSecuritySimpleGUI\HomeSecuritySimpleGUI\Debug\link.3460-cvtres.write.1.tlog
D:\Documents\2. Quarter\Project_B\ProjectB-SVN\Software\PC\HomeSecuritySimpleGUI\HomeSecuritySimpleGUI\Debug\link.4680.read.1.tlog
D:\Documents\2. Quarter\Project_B\ProjectB-SVN\Software\PC\HomeSecuritySimpleGUI\HomeSecuritySimpleGUI\Debug\link.4680.write.1.tlog
D:\Documents\2. Quarter\Project_B\ProjectB-SVN\Software\PC\HomeSecuritySimpleGUI\HomeSecuritySimpleGUI\Debug\link.4680-cvtres.read.1.tlog
D:\Documents\2. Quarter\Project_B\ProjectB-SVN\Software\PC\HomeSecuritySimpleGUI\HomeSecuritySimpleGUI\Debug\link.4680-cvtres.write.1.tlog
D:\Documents\2. Quarter\Project_B\ProjectB-SVN\Software\PC\HomeSecuritySimpleGUI\HomeSecuritySimpleGUI\Debug\link.command.1.tlog
D:\Documents\2. Quarter\Project_B\ProjectB-SVN\Software\PC\HomeSecuritySimpleGUI\HomeSecuritySimpleGUI\Debug\link.read.1.tlog
D:\Documents\2. Quarter\Project_B\ProjectB-SVN\Software\PC\HomeSecuritySimpleGUI\HomeSecuritySimpleGUI\Debug\link.write.1.tlog
D:\Documents\2. Quarter\Project_B\ProjectB-SVN\Software\PC\HomeSecuritySimpleGUI\HomeSecuritySimpleGUI\Debug\mt.command.1.tlog
D:\Documents\2. Quarter\Project_B\ProjectB-SVN\Software\PC\HomeSecuritySimpleGUI\HomeSecuritySimpleGUI\Debug\mt.read.1.tlog
D:\Documents\2. Quarter\Project_B\ProjectB-SVN\Software\PC\HomeSecuritySimpleGUI\HomeSecuritySimpleGUI\Debug\mt.write.1.tlog
D:\Documents\2. Quarter\Project_B\ProjectB-SVN\Software\PC\HomeSecuritySimpleGUI\HomeSecuritySimpleGUI\Debug\rc.command.1.tlog
D:\Documents\2. Quarter\Project_B\ProjectB-SVN\Software\PC\HomeSecuritySimpleGUI\HomeSecuritySimpleGUI\Debug\rc.read.1.tlog
D:\Documents\2. Quarter\Project_B\ProjectB-SVN\Software\PC\HomeSecuritySimpleGUI\HomeSecuritySimpleGUI\Debug\rc.write.1.tlog
D:\DOCUMENTS\2. QUARTER\PROJECT_B\PROJECTB-SVN\SOFTWARE\PC\HOMESECURITYSIMPLEGUI\HOMESECURITYSIMPLEGUI\DEBUG\SERIAL.OBJ
D:\DOCUMENTS\2. QUARTER\PROJECT_B\PROJECTB-SVN\SOFTWARE\PC\HOMESECURITYSIMPLEGUI\HOMESECURITYSIMPLEGUI\DEBUG\STDAFX.OBJ
D:\DOCUMENTS\2. QUARTER\PROJECT_B\PROJECTB-SVN\SOFTWARE\PC\HOMESECURITYSIMPLEGUI\HOMESECURITYSIMPLEGUI\DEBUG\VC100.PDB
D:\DOCUMENTS\2. QUARTER\PROJECT_B\PROJECTB-SVN\SOFTWARE\PC\HOMESECURITYSIMPLEGUI\HOMESECURITYSIMPLEGUI\DEBUG\XMLFILE.OBJ
